<?xml version="1.0" encoding="UTF-8"?>
<!-- Generated by org.testng.reporters.JUnitReportReporter -->
<testsuite skipped="0" hostname="DESKTOP-8H0MF42" name="TestWithTestNG" tests="2" failures="0" timestamp="2019-12-17T17:19:18 MSK" time="33.604" errors="0">
  <testcase name="sendMail" time="19.856" classname="TestWithTestNG"/>
  <testcase name="checkIfMailWasSent" time="13.748" classname="TestWithTestNG"/>
</testsuite> <!-- TestWithTestNG -->
